<?xml version="1.0" encoding="UTF-8"?>
<coverage generated="1618442945614" clover="3.2.0">
  <project timestamp="1618442945614" name="All files">
    <metrics statements="50" coveredstatements="50" conditionals="26" coveredconditionals="26" methods="18" coveredmethods="18" elements="94" coveredelements="94" complexity="0" loc="50" ncloc="50" packages="1" files="1" classes="1"/>
    <file name="index.js" path="/Users/jonathanwarner/dev/courses/FEW 2.1/homework/DateLibrary/src/index.js">
      <metrics statements="50" coveredstatements="50" conditionals="26" coveredconditionals="26" methods="18" coveredmethods="18"/>
      <line num="3" count="2" type="stmt"/>
      <line num="4" count="2" type="stmt"/>
      <line num="47" count="3" type="stmt"/>
      <line num="55" count="3" type="stmt"/>
      <line num="63" count="3" type="stmt"/>
      <line num="71" count="3" type="stmt"/>
      <line num="79" count="5" type="stmt"/>
      <line num="87" count="3" type="stmt"/>
      <line num="95" count="3" type="stmt"/>
      <line num="103" count="3" type="stmt"/>
      <line num="111" count="5" type="stmt"/>
      <line num="119" count="6" type="stmt"/>
      <line num="127" count="6" type="stmt"/>
      <line num="135" count="5" type="stmt"/>
      <line num="144" count="13" type="cond" truecount="2" falsecount="0"/>
      <line num="153" count="1" type="stmt"/>
      <line num="156" count="1" type="stmt"/>
      <line num="157" count="17" type="stmt"/>
      <line num="160" count="1" type="stmt"/>
      <line num="169" count="22" type="stmt"/>
      <line num="171" count="22" type="stmt"/>
      <line num="173" count="22" type="cond" truecount="2" falsecount="0"/>
      <line num="176" count="22" type="stmt"/>
      <line num="177" count="22" type="stmt"/>
      <line num="178" count="22" type="stmt"/>
      <line num="179" count="22" type="stmt"/>
      <line num="180" count="22" type="stmt"/>
      <line num="182" count="22" type="stmt"/>
      <line num="186" count="22" type="cond" truecount="4" falsecount="0"/>
      <line num="187" count="1" type="stmt"/>
      <line num="189" count="22" type="cond" truecount="4" falsecount="0"/>
      <line num="190" count="1" type="stmt"/>
      <line num="192" count="22" type="cond" truecount="2" falsecount="0"/>
      <line num="193" count="1" type="stmt"/>
      <line num="194" count="1" type="stmt"/>
      <line num="197" count="22" type="cond" truecount="2" falsecount="0"/>
      <line num="198" count="8" type="stmt"/>
      <line num="201" count="22" type="cond" truecount="2" falsecount="0"/>
      <line num="202" count="7" type="stmt"/>
      <line num="205" count="22" type="cond" truecount="2" falsecount="0"/>
      <line num="206" count="11" type="stmt"/>
      <line num="209" count="22" type="cond" truecount="2" falsecount="0"/>
      <line num="210" count="4" type="stmt"/>
      <line num="213" count="22" type="cond" truecount="2" falsecount="0"/>
      <line num="214" count="4" type="stmt"/>
      <line num="217" count="22" type="stmt"/>
      <line num="227" count="34" type="cond" truecount="2" falsecount="0"/>
      <line num="228" count="26" type="stmt"/>
      <line num="230" count="8" type="stmt"/>
      <line num="234" count="1" type="stmt"/>
    </file>
  </project>
</coverage>
