{"/Users/jonathanwarner/dev/courses/FEW 2.1/homework/DateLibrary/src/index.js": {"path":"/Users/jonathanwarner/dev/courses/FEW 2.1/homework/DateLibrary/src/index.js","statementMap":{"0":{"start":{"line":3,"column":4},"end":{"line":3,"column":33}},"1":{"start":{"line":4,"column":4},"end":{"line":39,"column":5}},"2":{"start":{"line":47,"column":4},"end":{"line":47,"column":34}},"3":{"start":{"line":55,"column":4},"end":{"line":55,"column":40}},"4":{"start":{"line":63,"column":4},"end":{"line":63,"column":64}},"5":{"start":{"line":71,"column":4},"end":{"line":71,"column":65}},"6":{"start":{"line":79,"column":4},"end":{"line":79,"column":35}},"7":{"start":{"line":87,"column":4},"end":{"line":87,"column":66}},"8":{"start":{"line":95,"column":4},"end":{"line":95,"column":67}},"9":{"start":{"line":103,"column":4},"end":{"line":103,"column":29}},"10":{"start":{"line":111,"column":4},"end":{"line":111,"column":30}},"11":{"start":{"line":119,"column":4},"end":{"line":119,"column":31}},"12":{"start":{"line":127,"column":4},"end":{"line":127,"column":33}},"13":{"start":{"line":135,"column":4},"end":{"line":135,"column":33}},"14":{"start":{"line":144,"column":4},"end":{"line":144,"column":44}},"15":{"start":{"line":153,"column":24},"end":{"line":153,"column":28}},"16":{"start":{"line":156,"column":4},"end":{"line":158,"column":7}},"17":{"start":{"line":157,"column":6},"end":{"line":157,"column":77}},"18":{"start":{"line":160,"column":4},"end":{"line":160,"column":24}},"19":{"start":{"line":169,"column":16},"end":{"line":169,"column":35}},"20":{"start":{"line":171,"column":27},"end":{"line":171,"column":47}},"21":{"start":{"line":173,"column":17},"end":{"line":173,"column":58}},"22":{"start":{"line":176,"column":18},"end":{"line":176,"column":63}},"23":{"start":{"line":177,"column":19},"end":{"line":177,"column":70}},"24":{"start":{"line":178,"column":17},"end":{"line":178,"column":67}},"25":{"start":{"line":179,"column":18},"end":{"line":179,"column":66}},"26":{"start":{"line":180,"column":20},"end":{"line":180,"column":49}},"27":{"start":{"line":182,"column":24},"end":{"line":182,"column":26}},"28":{"start":{"line":186,"column":4},"end":{"line":188,"column":5}},"29":{"start":{"line":187,"column":6},"end":{"line":187,"column":49}},"30":{"start":{"line":189,"column":4},"end":{"line":191,"column":5}},"31":{"start":{"line":190,"column":6},"end":{"line":190,"column":47}},"32":{"start":{"line":192,"column":4},"end":{"line":195,"column":5}},"33":{"start":{"line":193,"column":6},"end":{"line":193,"column":32}},"34":{"start":{"line":194,"column":6},"end":{"line":194,"column":17}},"35":{"start":{"line":197,"column":4},"end":{"line":199,"column":5}},"36":{"start":{"line":198,"column":6},"end":{"line":198,"column":100}},"37":{"start":{"line":201,"column":4},"end":{"line":203,"column":5}},"38":{"start":{"line":202,"column":6},"end":{"line":202,"column":72}},"39":{"start":{"line":205,"column":4},"end":{"line":207,"column":5}},"40":{"start":{"line":206,"column":6},"end":{"line":206,"column":69}},"41":{"start":{"line":209,"column":4},"end":{"line":211,"column":5}},"42":{"start":{"line":210,"column":6},"end":{"line":210,"column":75}},"43":{"start":{"line":213,"column":4},"end":{"line":215,"column":5}},"44":{"start":{"line":214,"column":6},"end":{"line":214,"column":72}},"45":{"start":{"line":217,"column":4},"end":{"line":217,"column":47}},"46":{"start":{"line":227,"column":4},"end":{"line":229,"column":5}},"47":{"start":{"line":228,"column":6},"end":{"line":228,"column":27}},"48":{"start":{"line":230,"column":4},"end":{"line":230,"column":19}},"49":{"start":{"line":234,"column":0},"end":{"line":234,"column":23}}},"fnMap":{"0":{"name":"(anonymous_0)","decl":{"start":{"line":2,"column":2},"end":{"line":2,"column":3}},"loc":{"start":{"line":2,"column":23},"end":{"line":40,"column":3}},"line":2},"1":{"name":"(anonymous_1)","decl":{"start":{"line":46,"column":2},"end":{"line":46,"column":3}},"loc":{"start":{"line":46,"column":13},"end":{"line":48,"column":3}},"line":46},"2":{"name":"(anonymous_2)","decl":{"start":{"line":54,"column":2},"end":{"line":54,"column":3}},"loc":{"start":{"line":54,"column":11},"end":{"line":56,"column":3}},"line":54},"3":{"name":"(anonymous_3)","decl":{"start":{"line":62,"column":2},"end":{"line":62,"column":3}},"loc":{"start":{"line":62,"column":14},"end":{"line":64,"column":3}},"line":62},"4":{"name":"(anonymous_4)","decl":{"start":{"line":70,"column":2},"end":{"line":70,"column":3}},"loc":{"start":{"line":70,"column":12},"end":{"line":72,"column":3}},"line":70},"5":{"name":"(anonymous_5)","decl":{"start":{"line":78,"column":2},"end":{"line":78,"column":3}},"loc":{"start":{"line":78,"column":17},"end":{"line":80,"column":3}},"line":78},"6":{"name":"(anonymous_6)","decl":{"start":{"line":86,"column":2},"end":{"line":86,"column":3}},"loc":{"start":{"line":86,"column":12},"end":{"line":88,"column":3}},"line":86},"7":{"name":"(anonymous_7)","decl":{"start":{"line":94,"column":2},"end":{"line":94,"column":3}},"loc":{"start":{"line":94,"column":11},"end":{"line":96,"column":3}},"line":94},"8":{"name":"(anonymous_8)","decl":{"start":{"line":102,"column":2},"end":{"line":102,"column":3}},"loc":{"start":{"line":102,"column":15},"end":{"line":104,"column":3}},"line":102},"9":{"name":"(anonymous_9)","decl":{"start":{"line":110,"column":2},"end":{"line":110,"column":3}},"loc":{"start":{"line":110,"column":12},"end":{"line":112,"column":3}},"line":110},"10":{"name":"(anonymous_10)","decl":{"start":{"line":118,"column":2},"end":{"line":118,"column":3}},"loc":{"start":{"line":118,"column":14},"end":{"line":120,"column":3}},"line":118},"11":{"name":"(anonymous_11)","decl":{"start":{"line":126,"column":2},"end":{"line":126,"column":3}},"loc":{"start":{"line":126,"column":13},"end":{"line":128,"column":3}},"line":126},"12":{"name":"(anonymous_12)","decl":{"start":{"line":134,"column":2},"end":{"line":134,"column":3}},"loc":{"start":{"line":134,"column":13},"end":{"line":136,"column":3}},"line":134},"13":{"name":"(anonymous_13)","decl":{"start":{"line":143,"column":2},"end":{"line":143,"column":3}},"loc":{"start":{"line":143,"column":21},"end":{"line":145,"column":3}},"line":143},"14":{"name":"(anonymous_14)","decl":{"start":{"line":152,"column":2},"end":{"line":152,"column":3}},"loc":{"start":{"line":152,"column":15},"end":{"line":161,"column":3}},"line":152},"15":{"name":"(anonymous_15)","decl":{"start":{"line":156,"column":45},"end":{"line":156,"column":46}},"loc":{"start":{"line":156,"column":54},"end":{"line":158,"column":5}},"line":156},"16":{"name":"(anonymous_16)","decl":{"start":{"line":168,"column":2},"end":{"line":168,"column":3}},"loc":{"start":{"line":168,"column":13},"end":{"line":218,"column":3}},"line":168},"17":{"name":"(anonymous_17)","decl":{"start":{"line":226,"column":2},"end":{"line":226,"column":3}},"loc":{"start":{"line":226,"column":36},"end":{"line":231,"column":3}},"line":226}},"branchMap":{"0":{"loc":{"start":{"line":144,"column":11},"end":{"line":144,"column":44}},"type":"cond-expr","locations":[{"start":{"line":144,"column":21},"end":{"line":144,"column":32}},{"start":{"line":144,"column":35},"end":{"line":144,"column":44}}],"line":144},"1":{"loc":{"start":{"line":173,"column":17},"end":{"line":173,"column":58}},"type":"cond-expr","locations":[{"start":{"line":173,"column":38},"end":{"line":173,"column":49}},{"start":{"line":173,"column":52},"end":{"line":173,"column":58}}],"line":173},"2":{"loc":{"start":{"line":186,"column":4},"end":{"line":188,"column":5}},"type":"if","locations":[{"start":{"line":186,"column":4},"end":{"line":188,"column":5}},{"start":{"line":186,"column":4},"end":{"line":188,"column":5}}],"line":186},"3":{"loc":{"start":{"line":186,"column":8},"end":{"line":186,"column":48}},"type":"binary-expr","locations":[{"start":{"line":186,"column":8},"end":{"line":186,"column":26}},{"start":{"line":186,"column":30},"end":{"line":186,"column":48}}],"line":186},"4":{"loc":{"start":{"line":189,"column":4},"end":{"line":191,"column":5}},"type":"if","locations":[{"start":{"line":189,"column":4},"end":{"line":191,"column":5}},{"start":{"line":189,"column":4},"end":{"line":191,"column":5}}],"line":189},"5":{"loc":{"start":{"line":189,"column":9},"end":{"line":189,"column":50}},"type":"binary-expr","locations":[{"start":{"line":189,"column":9},"end":{"line":189,"column":27}},{"start":{"line":189,"column":31},"end":{"line":189,"column":50}}],"line":189},"6":{"loc":{"start":{"line":192,"column":4},"end":{"line":195,"column":5}},"type":"if","locations":[{"start":{"line":192,"column":4},"end":{"line":195,"column":5}},{"start":{"line":192,"column":4},"end":{"line":195,"column":5}}],"line":192},"7":{"loc":{"start":{"line":197,"column":4},"end":{"line":199,"column":5}},"type":"if","locations":[{"start":{"line":197,"column":4},"end":{"line":199,"column":5}},{"start":{"line":197,"column":4},"end":{"line":199,"column":5}}],"line":197},"8":{"loc":{"start":{"line":201,"column":4},"end":{"line":203,"column":5}},"type":"if","locations":[{"start":{"line":201,"column":4},"end":{"line":203,"column":5}},{"start":{"line":201,"column":4},"end":{"line":203,"column":5}}],"line":201},"9":{"loc":{"start":{"line":205,"column":4},"end":{"line":207,"column":5}},"type":"if","locations":[{"start":{"line":205,"column":4},"end":{"line":207,"column":5}},{"start":{"line":205,"column":4},"end":{"line":207,"column":5}}],"line":205},"10":{"loc":{"start":{"line":209,"column":4},"end":{"line":211,"column":5}},"type":"if","locations":[{"start":{"line":209,"column":4},"end":{"line":211,"column":5}},{"start":{"line":209,"column":4},"end":{"line":211,"column":5}}],"line":209},"11":{"loc":{"start":{"line":213,"column":4},"end":{"line":215,"column":5}},"type":"if","locations":[{"start":{"line":213,"column":4},"end":{"line":215,"column":5}},{"start":{"line":213,"column":4},"end":{"line":215,"column":5}}],"line":213},"12":{"loc":{"start":{"line":227,"column":4},"end":{"line":229,"column":5}},"type":"if","locations":[{"start":{"line":227,"column":4},"end":{"line":229,"column":5}},{"start":{"line":227,"column":4},"end":{"line":229,"column":5}}],"line":227}},"s":{"0":2,"1":2,"2":3,"3":3,"4":3,"5":3,"6":5,"7":3,"8":3,"9":3,"10":5,"11":6,"12":6,"13":5,"14":13,"15":1,"16":1,"17":17,"18":1,"19":22,"20":22,"21":22,"22":22,"23":22,"24":22,"25":22,"26":22,"27":22,"28":22,"29":1,"30":22,"31":1,"32":22,"33":1,"34":1,"35":22,"36":8,"37":22,"38":7,"39":22,"40":11,"41":22,"42":4,"43":22,"44":4,"45":22,"46":34,"47":26,"48":8,"49":1},"f":{"0":2,"1":3,"2":3,"3":3,"4":3,"5":5,"6":3,"7":3,"8":3,"9":5,"10":6,"11":6,"12":5,"13":13,"14":1,"15":17,"16":22,"17":34},"b":{"0":[4,9],"1":[12,10],"2":[1,21],"3":[22,12],"4":[1,21],"5":[22,9],"6":[1,21],"7":[8,14],"8":[7,15],"9":[11,11],"10":[4,18],"11":[4,18],"12":[26,8]},"_coverageSchema":"1a1c01bbd47fc00a2c39e90264f33305004495a9","hash":"083f1cc7d39894df5c7f5ff4eedec5bdddc392ab"}
}
