TN:
SF:src/index.js
FN:2,(anonymous_0)
FN:46,(anonymous_1)
FN:54,(anonymous_2)
FN:62,(anonymous_3)
FN:70,(anonymous_4)
FN:78,(anonymous_5)
FN:86,(anonymous_6)
FN:94,(anonymous_7)
FN:102,(anonymous_8)
FN:110,(anonymous_9)
FN:118,(anonymous_10)
FN:126,(anonymous_11)
FN:134,(anonymous_12)
FN:143,(anonymous_13)
FN:152,(anonymous_14)
FN:156,(anonymous_15)
FN:168,(anonymous_16)
FN:226,(anonymous_17)
FNF:18
FNH:18
FNDA:2,(anonymous_0)
FNDA:3,(anonymous_1)
FNDA:3,(anonymous_2)
FNDA:3,(anonymous_3)
FNDA:3,(anonymous_4)
FNDA:5,(anonymous_5)
FNDA:3,(anonymous_6)
FNDA:3,(anonymous_7)
FNDA:3,(anonymous_8)
FNDA:5,(anonymous_9)
FNDA:6,(anonymous_10)
FNDA:6,(anonymous_11)
FNDA:5,(anonymous_12)
FNDA:13,(anonymous_13)
FNDA:1,(anonymous_14)
FNDA:17,(anonymous_15)
FNDA:22,(anonymous_16)
FNDA:34,(anonymous_17)
DA:3,2
DA:4,2
DA:47,3
DA:55,3
DA:63,3
DA:71,3
DA:79,5
DA:87,3
DA:95,3
DA:103,3
DA:111,5
DA:119,6
DA:127,6
DA:135,5
DA:144,13
DA:153,1
DA:156,1
DA:157,17
DA:160,1
DA:169,22
DA:171,22
DA:173,22
DA:176,22
DA:177,22
DA:178,22
DA:179,22
DA:180,22
DA:182,22
DA:186,22
DA:187,1
DA:189,22
DA:190,1
DA:192,22
DA:193,1
DA:194,1
DA:197,22
DA:198,8
DA:201,22
DA:202,7
DA:205,22
DA:206,11
DA:209,22
DA:210,4
DA:213,22
DA:214,4
DA:217,22
DA:227,34
DA:228,26
DA:230,8
DA:234,1
LF:50
LH:50
BRDA:144,0,0,4
BRDA:144,0,1,9
BRDA:173,1,0,12
BRDA:173,1,1,10
BRDA:186,2,0,1
BRDA:186,2,1,21
BRDA:186,3,0,22
BRDA:186,3,1,12
BRDA:189,4,0,1
BRDA:189,4,1,21
BRDA:189,5,0,22
BRDA:189,5,1,9
BRDA:192,6,0,1
BRDA:192,6,1,21
BRDA:197,7,0,8
BRDA:197,7,1,14
BRDA:201,8,0,7
BRDA:201,8,1,15
BRDA:205,9,0,11
BRDA:205,9,1,11
BRDA:209,10,0,4
BRDA:209,10,1,18
BRDA:213,11,0,4
BRDA:213,11,1,18
BRDA:227,12,0,26
BRDA:227,12,1,8
BRF:26
BRH:26
end_of_record
